
/home/runner/work/exp-conduction-composite-slab-iitb/exp-conduction-composite-slab-iitb/experiment/simulation/common_libraries/js/ts_components/collapse_step.js
   1:10  warning  'show_step' is defined but never used                 no-unused-vars
   2:5   warning  '$' is not defined                                    no-undef
   3:9   warning  '$' is not defined                                    no-undef
   6:10  warning  'hide_step' is defined but never used                 no-unused-vars
   7:5   warning  '$' is not defined                                    no-undef
   8:9   warning  '$' is not defined                                    no-undef
  11:10  warning  'get_collapse_btn_text' is defined but never used     no-unused-vars
  20:10  warning  'get_collapse_btn_element' is defined but never used  no-unused-vars
  29:10  warning  'hide_all_steps' is defined but never used            no-unused-vars
  31:9   warning  '$' is not defined                                    no-undef

/home/runner/work/exp-conduction-composite-slab-iitb/exp-conduction-composite-slab-iitb/experiment/simulation/common_libraries/js/ts_components/matrix.js
   27:26  warning  'MathJax' is not defined                                no-undef
   32:7   warning  'Matrix_Without_String' is defined but never used       no-unused-vars
   52:26  warning  'MathJax' is not defined                                no-undef
   56:10  warning  'get_matrix_html' is defined but never used             no-unused-vars
   87:13  warning  'row_html' is assigned a value but never used           no-unused-vars
   99:10  warning  'get_matrix_html_with_title' is defined but never used  no-unused-vars
  131:13  warning  'row_html' is assigned a value but never used           no-unused-vars
  143:10  warning  'convert_2d_to_1d_vector' is defined but never used     no-unused-vars
  156:10  warning  'convert_1d_to_2d_matrix' is defined but never used     no-unused-vars

/home/runner/work/exp-conduction-composite-slab-iitb/exp-conduction-composite-slab-iitb/experiment/simulation/common_libraries/js/ts_components/pannel.js
  8:7  warning  'Pannel' is defined but never used  no-unused-vars

/home/runner/work/exp-conduction-composite-slab-iitb/exp-conduction-composite-slab-iitb/experiment/simulation/common_libraries/js/ts_components/questions.js
   6:17  warning  'op1' is assigned a value but never used      no-unused-vars
   7:17  warning  'op2' is assigned a value but never used      no-unused-vars
   8:17  warning  'op3' is assigned a value but never used      no-unused-vars
   9:17  warning  'op4' is assigned a value but never used      no-unused-vars
  94:7   warning  'Question_Options' is defined but never used  no-unused-vars

/home/runner/work/exp-conduction-composite-slab-iitb/exp-conduction-composite-slab-iitb/experiment/simulation/common_libraries/js/ts_components/tables.js
   19:22  warning  'verify_values' is not defined                                     no-undef
  137:22  warning  'verify_values' is not defined                                     no-undef
  260:7   warning  'Verify_Rows_Cols_6_decimal_places' is defined but never used      no-unused-vars
  311:22  warning  'verify_values' is not defined                                     no-undef
  416:7   warning  'Verify_Rows_Cols_Custom_Fixed_Update1' is defined but never used  no-unused-vars
  468:7   warning  'Show_Table_Custom_Fixed' is defined but never used                no-unused-vars
  506:7   warning  'Verify_Rows_Cols_Strings' is defined but never used               no-unused-vars
  527:22  warning  'verify_values' is not defined                                     no-undef
  663:7   warning  'Display_Table' is defined but never used                          no-unused-vars

/home/runner/work/exp-conduction-composite-slab-iitb/exp-conduction-composite-slab-iitb/experiment/simulation/common_libraries/js/ts_math_library/general_math_functions.js
    1:10  warning  'verify_values' is defined but never used                   no-unused-vars
   17:10  warning  'random1' is defined but never used                         no-unused-vars
   21:10  warning  'std_deviation' is defined but never used                   no-unused-vars
   26:10  warning  'gauss' is defined but never used                           no-unused-vars
   56:10  warning  'hide_panel' is defined but never used                      no-unused-vars
   63:10  warning  'inverse_matrix' is defined but never used                  no-unused-vars
   96:10  warning  'matrix_multiplication' is defined but never used           no-unused-vars
  113:10  warning  'transpose_matrix' is defined but never used                no-unused-vars
  123:10  warning  'matrix_multiplication_8decimal' is defined but never used  no-unused-vars
  140:10  warning  'adjoint_2x2_matrix' is defined but never used              no-unused-vars
  145:10  warning  'find_deteminant' is defined but never used                 no-unused-vars
  174:10  warning  'get_Submatrix' is defined but never used                   no-unused-vars

/home/runner/work/exp-conduction-composite-slab-iitb/exp-conduction-composite-slab-iitb/experiment/simulation/common_libraries/js/ts_math_library/regression.js
   1:10  warning  'regression_linear' is defined but never used            no-unused-vars
  18:10  warning  'regression_linear_1variable' is defined but never used  no-unused-vars
  27:10  warning  'regression_linear_2variable' is defined but never used  no-unused-vars
  52:11  warning  'gauss' is not defined                                   no-undef

/home/runner/work/exp-conduction-composite-slab-iitb/exp-conduction-composite-slab-iitb/experiment/simulation/common_libraries/math.ob.js
  1:745  warning  'b' is already defined  no-redeclare

/home/runner/work/exp-conduction-composite-slab-iitb/exp-conduction-composite-slab-iitb/experiment/simulation/js/activity1.js
   19:24   warning  'MathJax' is not defined                                no-undef
   22:10   warning  'start_act1' is defined but never used                  no-unused-vars
   27:20   warning  'get_collapse_btn_text' is not defined                  no-undef
   33:53   warning  'act1_brick_thickness' is not defined                   no-undef
   33:104  warning  'act1_brick_k' is not defined                           no-undef
   33:165  warning  'act1_plastic_thickness' is not defined                 no-undef
   33:219  warning  'act1_plastic_k' is not defined                         no-undef
   33:247  warning  'act1_wood_thickness' is not defined                    no-undef
   33:294  warning  'act1_wood_k' is not defined                            no-undef
   33:396  warning  'act1_outside_conv_heat_transfer_coeff' is not defined  no-undef
   33:443  warning  'act1_outside_temp' is not defined                      no-undef
   33:481  warning  'act1_inside_conv_heat_transfer_coeff' is not defined   no-undef
   33:527  warning  'act1_inside_temp' is not defined                       no-undef
   34:75   warning  'act1_area' is not defined                              no-undef
  153:5    warning  'hide_all_steps' is not defined                         no-undef
  154:24   warning  'show_step' is not defined                              no-undef
  155:24   warning  'MathJax' is not defined                                no-undef
  159:5    warning  'act1_R1' is not defined                                no-undef
  159:20   warning  'act1_inside_conv_heat_transfer_coeff' is not defined   no-undef
  159:59   warning  'act1_area' is not defined                              no-undef
  160:5    warning  'act1_R1' is not defined                                no-undef
  160:26   warning  'act1_R1' is not defined                                no-undef
  161:25   warning  'act1_R1' is not defined                                no-undef
  162:5    warning  'act1_R2' is not defined                                no-undef
  162:15   warning  'act1_wood_thickness' is not defined                    no-undef
  162:38   warning  'act1_wood_k' is not defined                            no-undef
  162:52   warning  'act1_area' is not defined                              no-undef
  163:5    warning  'act1_R2' is not defined                                no-undef
  163:26   warning  'act1_R2' is not defined                                no-undef
  164:25   warning  'act1_R2' is not defined                                no-undef
  165:5    warning  'act1_R3' is not defined                                no-undef
  165:15   warning  'act1_plastic_thickness' is not defined                 no-undef
  165:41   warning  'act1_plastic_k' is not defined                         no-undef
  165:58   warning  'act1_area' is not defined                              no-undef
  166:5    warning  'act1_R3' is not defined                                no-undef
  166:26   warning  'act1_R3' is not defined                                no-undef
  167:25   warning  'act1_R3' is not defined                                no-undef
  168:5    warning  'act1_R4' is not defined                                no-undef
  168:15   warning  'act1_brick_thickness' is not defined                   no-undef
  168:39   warning  'act1_brick_k' is not defined                           no-undef
  168:54   warning  'act1_area' is not defined                              no-undef
  169:5    warning  'act1_R4' is not defined                                no-undef
  169:26   warning  'act1_R4' is not defined                                no-undef
  170:25   warning  'act1_R4' is not defined                                no-undef
  171:5    warning  'act1_R5' is not defined                                no-undef
  171:20   warning  'act1_outside_conv_heat_transfer_coeff' is not defined  no-undef
  171:60   warning  'act1_area' is not defined                              no-undef
  172:5    warning  'act1_R5' is not defined                                no-undef
  172:26   warning  'act1_R5' is not defined                                no-undef
  173:25   warning  'act1_R5' is not defined                                no-undef
  174:5    warning  'act1_R' is not defined                                 no-undef
  174:14   warning  'act1_R1' is not defined                                no-undef
  174:24   warning  'act1_R2' is not defined                                no-undef
  174:34   warning  'act1_R3' is not defined                                no-undef
  174:44   warning  'act1_R4' is not defined                                no-undef
  174:54   warning  'act1_R5' is not defined                                no-undef
  175:5    warning  'act1_R' is not defined                                 no-undef
  175:25   warning  'act1_R' is not defined                                 no-undef
  176:24   warning  'act1_R' is not defined                                 no-undef
  177:5    warning  'act1_Q' is not defined                                 no-undef
  177:15   warning  'act1_inside_temp' is not defined                       no-undef
  177:34   warning  'act1_outside_temp' is not defined                      no-undef
  177:55   warning  'act1_R' is not defined                                 no-undef
  178:5    warning  'act1_Q' is not defined                                 no-undef
  178:25   warning  'act1_Q' is not defined                                 no-undef
  179:24   warning  'act1_Q' is not defined                                 no-undef
  180:5    warning  'inside_sur_temp' is not defined                        no-undef
  180:23   warning  'act1_Q' is not defined                                 no-undef
  180:32   warning  'act1_R1' is not defined                                no-undef
  180:42   warning  'act1_inside_temp' is not defined                       no-undef
  181:5    warning  'inside_sur_temp' is not defined                        no-undef
  181:34   warning  'inside_sur_temp' is not defined                        no-undef
  182:25   warning  'inside_sur_temp' is not defined                        no-undef
  183:5    warning  'outside_sur_temp' is not defined                       no-undef
  183:24   warning  'act1_Q' is not defined                                 no-undef
  183:33   warning  'act1_R5' is not defined                                no-undef
  183:43   warning  'act1_outside_temp' is not defined                      no-undef
  184:5    warning  'outside_sur_temp' is not defined                       no-undef
  184:35   warning  'outside_sur_temp' is not defined                       no-undef
  185:25   warning  'outside_sur_temp' is not defined                       no-undef
  187:10   warning  'verify_ric' is defined but never used                  no-unused-vars
  192:10   warning  'verify_values' is not defined                          no-undef
  192:82   warning  'act1_R1' is not defined                                no-undef
  198:25   warning  'act1_R1' is not defined                                no-undef
  201:10   warning  'verify_crw' is defined but never used                  no-unused-vars
  206:10   warning  'verify_values' is not defined                          no-undef
  206:82   warning  'act1_R2' is not defined                                no-undef
  212:25   warning  'act1_R2' is not defined                                no-undef
  215:10   warning  'verify_crp' is defined but never used                  no-unused-vars
  220:10   warning  'verify_values' is not defined                          no-undef
  220:82   warning  'act1_R3' is not defined                                no-undef
  226:25   warning  'act1_R3' is not defined                                no-undef
  229:10   warning  'verify_crb' is defined but never used                  no-unused-vars
  234:10   warning  'verify_values' is not defined                          no-undef
  234:82   warning  'act1_R4' is not defined                                no-undef
  240:25   warning  'act1_R4' is not defined                                no-undef
  243:10   warning  'verify_roc' is defined but never used                  no-unused-vars
  248:10   warning  'verify_values' is not defined                          no-undef
  248:82   warning  'act1_R5' is not defined                                no-undef
  254:25   warning  'act1_R5' is not defined                                no-undef
  257:10   warning  'verify_tr' is defined but never used                   no-unused-vars
  262:10   warning  'verify_values' is not defined                          no-undef
  262:82   warning  'act1_R' is not defined                                 no-undef
  268:25   warning  'act1_R' is not defined                                 no-undef
  271:10   warning  'verify_q' is defined but never used                    no-unused-vars
  276:10   warning  'verify_values' is not defined                          no-undef
  276:82   warning  'act1_Q' is not defined                                 no-undef
  282:25   warning  'act1_Q' is not defined                                 no-undef
  285:10   warning  'verify_tis' is defined but never used                  no-unused-vars
  290:10   warning  'verify_values' is not defined                          no-undef
  290:82   warning  'inside_sur_temp' is not defined                        no-undef
  296:25   warning  'inside_sur_temp' is not defined                        no-undef
  299:10   warning  'verify_tos' is defined but never used                  no-unused-vars
  303:10   warning  'verify_values' is not defined                          no-undef
  303:82   warning  'outside_sur_temp' is not defined                       no-undef
  309:25   warning  'outside_sur_temp' is not defined                       no-undef
  310:5    warning  'activity2' is not defined                              no-undef

/home/runner/work/exp-conduction-composite-slab-iitb/exp-conduction-composite-slab-iitb/experiment/simulation/js/activity2.js
    1:10   warning  'activity2' is defined but never used        no-unused-vars
   16:5    warning  'maindiv' is not defined                     no-undef
   17:24   warning  'MathJax' is not defined                     no-undef
   19:10   warning  'start_act2' is defined but never used       no-unused-vars
   24:20   warning  'get_collapse_btn_text' is not defined       no-undef
   32:30   warning  'act2_area' is not defined                   no-undef
   32:127  warning  'act2_T1' is not defined                     no-undef
   32:222  warning  'act2_T2' is not defined                     no-undef
   33:31   warning  'act2_b1' is not defined                     no-undef
   33:210  warning  'act2_b2' is not defined                     no-undef
   33:287  warning  'act2_b3' is not defined                     no-undef
  127:5    warning  'maindiv' is not defined                     no-undef
  129:24   warning  'show_step' is not defined                   no-undef
  130:24   warning  'MathJax' is not defined                     no-undef
  133:5    warning  'act2_RA' is not defined                     no-undef
  133:20   warning  'act2_KA' is not defined                     no-undef
  133:30   warning  'act2_area' is not defined                   no-undef
  134:5    warning  'act2_RA' is not defined                     no-undef
  134:26   warning  'act2_RA' is not defined                     no-undef
  135:25   warning  'act2_RA' is not defined                     no-undef
  136:5    warning  'act2_RB' is not defined                     no-undef
  136:20   warning  'act2_KB' is not defined                     no-undef
  136:30   warning  'act2_area' is not defined                   no-undef
  137:5    warning  'act2_RB' is not defined                     no-undef
  137:26   warning  'act2_RB' is not defined                     no-undef
  138:25   warning  'act2_RB' is not defined                     no-undef
  139:5    warning  'act2_RC' is not defined                     no-undef
  139:20   warning  'act2_KC' is not defined                     no-undef
  139:30   warning  'act2_area' is not defined                   no-undef
  140:5    warning  'act2_RC' is not defined                     no-undef
  140:26   warning  'act2_RC' is not defined                     no-undef
  141:25   warning  'act2_RC' is not defined                     no-undef
  142:5    warning  'act2_RD' is not defined                     no-undef
  142:20   warning  'act2_KD' is not defined                     no-undef
  142:30   warning  'act2_area' is not defined                   no-undef
  143:5    warning  'act2_RD' is not defined                     no-undef
  143:26   warning  'act2_RD' is not defined                     no-undef
  144:25   warning  'act2_RD' is not defined                     no-undef
  145:5    warning  'act2_Rloop' is not defined                  no-undef
  145:19   warning  'act2_RB' is not defined                     no-undef
  145:29   warning  'act2_RC' is not defined                     no-undef
  145:41   warning  'act2_RB' is not defined                     no-undef
  145:51   warning  'act2_RC' is not defined                     no-undef
  146:5    warning  'act2_Rloop' is not defined                  no-undef
  146:29   warning  'act2_Rloop' is not defined                  no-undef
  147:28   warning  'act2_Rloop' is not defined                  no-undef
  148:5    warning  'act2_RT' is not defined                     no-undef
  148:15   warning  'act2_RA' is not defined                     no-undef
  148:25   warning  'act2_Rloop' is not defined                  no-undef
  148:38   warning  'act2_RD' is not defined                     no-undef
  149:5    warning  'act2_RT' is not defined                     no-undef
  149:26   warning  'act2_RT' is not defined                     no-undef
  150:25   warning  'act2_RT' is not defined                     no-undef
  151:5    warning  'act2_Q' is not defined                      no-undef
  151:15   warning  'act2_T1' is not defined                     no-undef
  151:25   warning  'act2_T2' is not defined                     no-undef
  151:37   warning  'act2_RT' is not defined                     no-undef
  152:5    warning  'act2_Q' is not defined                      no-undef
  152:25   warning  'act2_Q' is not defined                      no-undef
  153:24   warning  'act2_Q' is not defined                      no-undef
  155:10   warning  'verify_cra' is defined but never used       no-unused-vars
  160:10   warning  'verify_values' is not defined               no-undef
  160:83   warning  'act2_RA' is not defined                     no-undef
  166:26   warning  'act2_RA' is not defined                     no-undef
  169:10   warning  'act2_verify_crb' is defined but never used  no-unused-vars
  174:10   warning  'verify_values' is not defined               no-undef
  174:83   warning  'act2_RB' is not defined                     no-undef
  180:26   warning  'act2_RB' is not defined                     no-undef
  183:10   warning  'verify_crc' is defined but never used       no-unused-vars
  188:10   warning  'verify_values' is not defined               no-undef
  188:83   warning  'act2_RC' is not defined                     no-undef
  194:26   warning  'act2_RC' is not defined                     no-undef
  197:10   warning  'verify_crd' is defined but never used       no-unused-vars
  202:10   warning  'verify_values' is not defined               no-undef
  202:83   warning  'act2_RD' is not defined                     no-undef
  208:26   warning  'act2_RD' is not defined                     no-undef
  211:10   warning  'verify_rl' is defined but never used        no-unused-vars
  216:10   warning  'verify_values' is not defined               no-undef
  216:83   warning  'act2_Rloop' is not defined                  no-undef
  222:26   warning  'act2_Rloop' is not defined                  no-undef
  225:10   warning  'verify_totrs' is defined but never used     no-unused-vars
  230:10   warning  'verify_values' is not defined               no-undef
  230:83   warning  'act2_RT' is not defined                     no-undef
  236:26   warning  'act2_RT' is not defined                     no-undef
  239:10   warning  'verify_ht' is defined but never used        no-unused-vars
  243:10   warning  'verify_values' is not defined               no-undef
  243:83   warning  'act2_Q' is not defined                      no-undef
  249:26   warning  'act2_Q' is not defined                      no-undef

/home/runner/work/exp-conduction-composite-slab-iitb/exp-conduction-composite-slab-iitb/experiment/simulation/js/data.js
   2:5  warning  'act1_brick_thickness' is assigned a value but never used                   no-unused-vars
   3:5  warning  'act1_plastic_thickness' is assigned a value but never used                 no-unused-vars
   4:5  warning  'act1_wood_thickness' is assigned a value but never used                    no-unused-vars
   5:5  warning  'act1_brick_k' is assigned a value but never used                           no-unused-vars
   6:5  warning  'act1_plastic_k' is assigned a value but never used                         no-unused-vars
   7:5  warning  'act1_wood_k' is assigned a value but never used                            no-unused-vars
   8:5  warning  'act1_outside_conv_heat_transfer_coeff' is assigned a value but never used  no-unused-vars
   9:5  warning  'act1_outside_temp' is assigned a value but never used                      no-unused-vars
  10:5  warning  'act1_inside_conv_heat_transfer_coeff' is assigned a value but never used   no-unused-vars
  11:5  warning  'act1_inside_temp' is assigned a value but never used                       no-unused-vars
  12:5  warning  'act1_area' is assigned a value but never used                              no-unused-vars
  13:5  warning  'act1_R1' is assigned a value but never used                                no-unused-vars
  14:5  warning  'act1_R2' is assigned a value but never used                                no-unused-vars
  15:5  warning  'act1_R3' is assigned a value but never used                                no-unused-vars
  16:5  warning  'act1_R4' is assigned a value but never used                                no-unused-vars
  17:5  warning  'act1_R5' is assigned a value but never used                                no-unused-vars
  18:5  warning  'act1_R' is assigned a value but never used                                 no-unused-vars
  19:5  warning  'act1_Q' is assigned a value but never used                                 no-unused-vars
  20:5  warning  'inside_sur_temp' is assigned a value but never used                        no-unused-vars
  21:5  warning  'outside_sur_temp' is assigned a value but never used                       no-unused-vars
  23:5  warning  'act2_area' is assigned a value but never used                              no-unused-vars
  24:5  warning  'act2_T1' is assigned a value but never used                                no-unused-vars
  25:5  warning  'act2_T2' is assigned a value but never used                                no-unused-vars
  26:5  warning  'act2_b1' is assigned a value but never used                                no-unused-vars
  27:5  warning  'act2_b2' is assigned a value but never used                                no-unused-vars
  28:5  warning  'act2_b3' is assigned a value but never used                                no-unused-vars
  29:5  warning  'act2_KA' is assigned a value but never used                                no-unused-vars
  30:5  warning  'act2_KB' is assigned a value but never used                                no-unused-vars
  31:5  warning  'act2_KC' is assigned a value but never used                                no-unused-vars
  32:5  warning  'act2_KD' is assigned a value but never used                                no-unused-vars
  33:5  warning  'act2_RA' is assigned a value but never used                                no-unused-vars
  34:5  warning  'act2_RB' is assigned a value but never used                                no-unused-vars
  35:5  warning  'act2_RC' is assigned a value but never used                                no-unused-vars
  36:5  warning  'act2_RD' is assigned a value but never used                                no-unused-vars
  37:5  warning  'act2_Rloop' is assigned a value but never used                             no-unused-vars
  38:5  warning  'act2_RT' is assigned a value but never used                                no-unused-vars
  39:5  warning  'act2_Q' is assigned a value but never used                                 no-unused-vars

✖ 293 problems (0 errors, 293 warnings)

